<?xml version="1.0" encoding="UTF-8"?>
<testng-results skipped="0" failed="0" ignored="0" total="1" passed="1">
  <reporter-output>
  </reporter-output>
  <suite name="Default suite" duration-ms="27296" started-at="2021-11-07T13:46:10Z" finished-at="2021-11-07T13:46:38Z">
    <groups>
    </groups>
    <test name="Default test" duration-ms="27296" started-at="2021-11-07T13:46:10Z" finished-at="2021-11-07T13:46:38Z">
      <class name="org.Flip.Main_FlipKart">
        <test-method status="PASS" signature="before()[pri:0, instance:org.Flip.Main_FlipKart@146ba0ac]" name="before" is-config="true" duration-ms="9510" started-at="2021-11-07T13:46:10Z" finished-at="2021-11-07T13:46:20Z">
          <reporter-output>
          </reporter-output>
        </test-method> <!-- before -->
        <test-method status="PASS" signature="test()[pri:0, instance:org.Flip.Main_FlipKart@146ba0ac]" name="test" duration-ms="17767" started-at="2021-11-07T13:46:20Z" finished-at="2021-11-07T13:46:37Z">
          <reporter-output>
          </reporter-output>
        </test-method> <!-- test -->
      </class> <!-- org.Flip.Main_FlipKart -->
    </test> <!-- Default test -->
  </suite> <!-- Default suite -->
</testng-results>
